{"contracts/libs/Freezable.sol":{"l":{"22":22,"23":21,"27":4,"28":3,"52":125,"53":123,"55":37,"56":37,"58":3,"66":2,"67":2,"75":4,"76":4,"84":21,"85":21,"87":21,"88":17,"89":17,"98":3,"99":3,"101":3,"102":2,"103":2},"path":"/Users/hoangnguyen/Desktop/wetrust/interchain-node-contracts/contracts/libs/Freezable.sol","s":{"1":22,"2":4,"3":125,"4":2,"5":123,"6":86,"7":37,"8":37,"9":34,"10":3,"11":2,"12":2,"13":4,"14":4,"15":21,"16":21,"17":17,"18":17,"19":3,"20":3,"21":2,"22":2},"b":{"1":[21,1],"2":[3,1],"3":[2,123],"4":[86,37],"5":[34,3],"6":[17,4],"7":[2,1]},"f":{"1":22,"2":4,"3":68,"4":125,"5":2,"6":4,"7":21,"8":3},"fnMap":{"1":{"name":"onlyIfNotApproved","line":21,"loc":{"start":{"line":21,"column":4},"end":{"line":21,"column":30}}},"2":{"name":"onlyIfApproved","line":26,"loc":{"start":{"line":26,"column":4},"end":{"line":26,"column":27}}},"3":{"name":"Freezable","line":47,"loc":{"start":{"line":47,"column":4},"end":{"line":47,"column":99}}},"4":{"name":"checkIfFrozen","line":51,"loc":{"start":{"line":51,"column":4},"end":{"line":51,"column":52}}},"5":{"name":"changeFrozenDurationRatio","line":63,"loc":{"start":{"line":63,"column":4},"end":{"line":65,"column":16}}},"6":{"name":"changeMinTimeFrozen","line":72,"loc":{"start":{"line":72,"column":4},"end":{"line":74,"column":16}}},"7":{"name":"freeze","line":80,"loc":{"start":{"line":80,"column":4},"end":{"line":83,"column":16}}},"8":{"name":"unFreeze","line":94,"loc":{"start":{"line":94,"column":4},"end":{"line":97,"column":16}}}},"statementMap":{"1":{"start":{"line":22,"column":8},"end":{"line":22,"column":37}},"2":{"start":{"line":27,"column":8},"end":{"line":27,"column":36}},"3":{"start":{"line":52,"column":8},"end":{"line":52,"column":50}},"4":{"start":{"line":52,"column":39},"end":{"line":52,"column":50}},"5":{"start":{"line":53,"column":8},"end":{"line":53,"column":1738}},"6":{"start":{"line":53,"column":49},"end":{"line":53,"column":61}},"7":{"start":{"line":55,"column":12},"end":{"line":55,"column":96}},"8":{"start":{"line":56,"column":12},"end":{"line":56,"column":62}},"9":{"start":{"line":56,"column":51},"end":{"line":56,"column":62}},"10":{"start":{"line":58,"column":8},"end":{"line":58,"column":20}},"11":{"start":{"line":66,"column":8},"end":{"line":66,"column":70}},"12":{"start":{"line":67,"column":8},"end":{"line":67,"column":37}},"13":{"start":{"line":75,"column":8},"end":{"line":75,"column":60}},"14":{"start":{"line":76,"column":8},"end":{"line":76,"column":33}},"15":{"start":{"line":84,"column":8},"end":{"line":84,"column":34}},"16":{"start":{"line":87,"column":8},"end":{"line":87,"column":2937}},"17":{"start":{"line":88,"column":12},"end":{"line":88,"column":25}},"18":{"start":{"line":89,"column":12},"end":{"line":89,"column":36}},"19":{"start":{"line":98,"column":8},"end":{"line":98,"column":35}},"20":{"start":{"line":101,"column":8},"end":{"line":101,"column":3307}},"21":{"start":{"line":102,"column":12},"end":{"line":102,"column":23}},"22":{"start":{"line":103,"column":12},"end":{"line":103,"column":38}}},"branchMap":{"1":{"line":22,"type":"if","locations":[{"start":{"line":22,"column":8},"end":{"line":22,"column":8}},{"start":{"line":22,"column":8},"end":{"line":22,"column":8}}]},"2":{"line":27,"type":"if","locations":[{"start":{"line":27,"column":8},"end":{"line":27,"column":8}},{"start":{"line":27,"column":8},"end":{"line":27,"column":8}}]},"3":{"line":52,"type":"if","locations":[{"start":{"line":52,"column":8},"end":{"line":52,"column":8}},{"start":{"line":52,"column":8},"end":{"line":52,"column":8}}]},"4":{"line":53,"type":"if","locations":[{"start":{"line":53,"column":8},"end":{"line":53,"column":8}},{"start":{"line":53,"column":8},"end":{"line":53,"column":8}}]},"5":{"line":56,"type":"if","locations":[{"start":{"line":56,"column":12},"end":{"line":56,"column":12}},{"start":{"line":56,"column":12},"end":{"line":56,"column":12}}]},"6":{"line":87,"type":"if","locations":[{"start":{"line":87,"column":8},"end":{"line":87,"column":8}},{"start":{"line":87,"column":8},"end":{"line":87,"column":8}}]},"7":{"line":101,"type":"if","locations":[{"start":{"line":101,"column":8},"end":{"line":101,"column":8}},{"start":{"line":101,"column":8},"end":{"line":101,"column":8}}]}}},"contracts/libs/MultiSigOwnable.sol":{"l":{"22":52,"23":45,"27":10,"28":8,"32":74,"33":69,"37":105,"42":103,"60":94,"61":280,"62":278,"64":92,"65":92,"75":4,"76":4,"77":4,"86":7,"87":7,"88":8,"89":4,"90":4,"94":7,"95":7,"97":6,"98":2,"101":6,"112":4,"113":5,"114":4,"115":4,"117":4,"118":4,"119":4,"120":4,"127":18,"136":5,"137":5},"path":"/Users/hoangnguyen/Desktop/wetrust/interchain-node-contracts/contracts/libs/MultiSigOwnable.sol","s":{"1":52,"2":10,"3":74,"4":105,"5":94,"6":280,"7":278,"8":92,"9":92,"10":4,"11":4,"12":7,"13":7,"14":8,"15":4,"16":7,"17":7,"18":6,"19":2,"20":6,"21":4,"22":5,"23":4,"24":4,"25":4,"26":4,"27":4,"28":18,"29":5,"30":5},"b":{"1":[45,7],"2":[8,2],"3":[69,5],"4":[103,2],"5":[278,2],"6":[4,4],"7":[6,1],"8":[2,4],"9":[4,1]},"f":{"1":52,"2":10,"3":74,"4":105,"5":94,"6":4,"7":7,"8":4,"9":18,"10":5},"fnMap":{"1":{"name":"onlyByWallet","line":21,"loc":{"start":{"line":21,"column":4},"end":{"line":21,"column":25}}},"2":{"name":"ownerDoesNotExist","line":26,"loc":{"start":{"line":26,"column":4},"end":{"line":26,"column":43}}},"3":{"name":"ownerExists","line":31,"loc":{"start":{"line":31,"column":4},"end":{"line":31,"column":37}}},"4":{"name":"validRequirement","line":36,"loc":{"start":{"line":36,"column":4},"end":{"line":36,"column":61}}},"5":{"name":"MultiSigOwnable","line":57,"loc":{"start":{"line":57,"column":4},"end":{"line":59,"column":15}}},"6":{"name":"addOwner","line":70,"loc":{"start":{"line":70,"column":4},"end":{"line":74,"column":16}}},"7":{"name":"removeOwner","line":82,"loc":{"start":{"line":82,"column":4},"end":{"line":85,"column":16}}},"8":{"name":"replaceOwner","line":107,"loc":{"start":{"line":107,"column":4},"end":{"line":111,"column":16}}},"9":{"name":"getOwners","line":126,"loc":{"start":{"line":126,"column":4},"end":{"line":126,"column":54}}},"10":{"name":"changeRequirement","line":132,"loc":{"start":{"line":132,"column":4},"end":{"line":135,"column":16}}}},"statementMap":{"1":{"start":{"line":22,"column":8},"end":{"line":22,"column":43}},"2":{"start":{"line":27,"column":8},"end":{"line":27,"column":31}},"3":{"start":{"line":32,"column":8},"end":{"line":32,"column":30}},"4":{"start":{"line":37,"column":8},"end":{"line":37,"column":848}},"5":{"start":{"line":60,"column":8},"end":{"line":60,"column":1471}},"6":{"start":{"line":61,"column":12},"end":{"line":61,"column":59}},"7":{"start":{"line":62,"column":12},"end":{"line":62,"column":37}},"8":{"start":{"line":64,"column":8},"end":{"line":64,"column":23}},"9":{"start":{"line":65,"column":8},"end":{"line":65,"column":27}},"10":{"start":{"line":75,"column":8},"end":{"line":75,"column":28}},"11":{"start":{"line":77,"column":8},"end":{"line":77,"column":33}},"12":{"start":{"line":86,"column":8},"end":{"line":86,"column":29}},"13":{"start":{"line":87,"column":8},"end":{"line":87,"column":2337}},"14":{"start":{"line":88,"column":12},"end":{"line":88,"column":2397}},"15":{"start":{"line":89,"column":16},"end":{"line":89,"column":53}},"16":{"start":{"line":94,"column":8},"end":{"line":94,"column":25}},"17":{"start":{"line":95,"column":8},"end":{"line":95,"column":33}},"18":{"start":{"line":97,"column":8},"end":{"line":97,"column":2640}},"19":{"start":{"line":98,"column":12},"end":{"line":98,"column":50}},"20":{"start":{"line":101,"column":8},"end":{"line":101,"column":32}},"21":{"start":{"line":112,"column":8},"end":{"line":112,"column":3200}},"22":{"start":{"line":113,"column":12},"end":{"line":113,"column":3253}},"23":{"start":{"line":114,"column":16},"end":{"line":114,"column":35}},"24":{"start":{"line":117,"column":8},"end":{"line":117,"column":29}},"25":{"start":{"line":118,"column":8},"end":{"line":118,"column":31}},"26":{"start":{"line":119,"column":8},"end":{"line":119,"column":32}},"27":{"start":{"line":120,"column":8},"end":{"line":120,"column":36}},"28":{"start":{"line":127,"column":8},"end":{"line":127,"column":21}},"29":{"start":{"line":136,"column":8},"end":{"line":136,"column":27}},"30":{"start":{"line":137,"column":8},"end":{"line":137,"column":41}}},"branchMap":{"1":{"line":22,"type":"if","locations":[{"start":{"line":22,"column":8},"end":{"line":22,"column":8}},{"start":{"line":22,"column":8},"end":{"line":22,"column":8}}]},"2":{"line":27,"type":"if","locations":[{"start":{"line":27,"column":8},"end":{"line":27,"column":8}},{"start":{"line":27,"column":8},"end":{"line":27,"column":8}}]},"3":{"line":32,"type":"if","locations":[{"start":{"line":32,"column":8},"end":{"line":32,"column":8}},{"start":{"line":32,"column":8},"end":{"line":32,"column":8}}]},"4":{"line":37,"type":"if","locations":[{"start":{"line":37,"column":8},"end":{"line":37,"column":8}},{"start":{"line":37,"column":8},"end":{"line":37,"column":8}}]},"5":{"line":61,"type":"if","locations":[{"start":{"line":61,"column":12},"end":{"line":61,"column":12}},{"start":{"line":61,"column":12},"end":{"line":61,"column":12}}]},"6":{"line":88,"type":"if","locations":[{"start":{"line":88,"column":12},"end":{"line":88,"column":12}},{"start":{"line":88,"column":12},"end":{"line":88,"column":12}}]},"7":{"line":95,"type":"if","locations":[{"start":{"line":95,"column":8},"end":{"line":95,"column":8}},{"start":{"line":95,"column":8},"end":{"line":95,"column":8}}]},"8":{"line":97,"type":"if","locations":[{"start":{"line":97,"column":8},"end":{"line":97,"column":8}},{"start":{"line":97,"column":8},"end":{"line":97,"column":8}}]},"9":{"line":113,"type":"if","locations":[{"start":{"line":113,"column":12},"end":{"line":113,"column":12}},{"start":{"line":113,"column":12},"end":{"line":113,"column":12}}]}}},"contracts/MainChain.sol":{"l":{"26":28,"27":27,"31":78,"32":77,"36":36,"37":34,"41":3,"42":2,"46":69,"47":68,"51":20,"52":19,"100":30,"101":29,"119":25,"121":24,"122":24,"125":23,"127":22,"128":19,"129":19,"131":3,"142":8,"144":8,"154":2,"156":2,"168":18,"170":18,"173":18,"174":8,"175":8,"176":8,"179":18,"180":17,"182":16,"183":16,"185":16,"186":8,"187":7,"188":7,"190":1,"205":23,"206":23,"208":23,"209":46,"211":46,"212":45,"213":45,"216":46,"218":1,"225":46,"226":91,"228":45,"234":30,"235":30,"250":30,"261":19,"266":19},"path":"/Users/hoangnguyen/Desktop/wetrust/interchain-node-contracts/contracts/MainChain.sol","s":{"1":28,"2":78,"3":36,"4":3,"5":69,"6":20,"7":30,"8":29,"9":25,"10":24,"11":24,"12":23,"13":22,"14":19,"15":19,"16":3,"17":8,"18":8,"19":2,"20":2,"21":18,"22":18,"23":18,"24":8,"25":8,"26":8,"27":18,"28":17,"29":16,"30":16,"31":8,"32":7,"33":7,"34":1,"35":23,"36":23,"37":46,"38":46,"39":45,"40":46,"41":22,"42":1,"43":46,"44":91,"45":1,"46":45,"47":30,"48":19,"49":19},"b":{"1":[27,1],"2":[77,1],"3":[34,2],"4":[2,1],"5":[68,1],"6":[19,1],"7":[29,1],"8":[24,1],"9":[23,1],"10":[22,1],"11":[19,3],"12":[8,10],"13":[17,1],"14":[16,1],"15":[8,8],"16":[7,1],"17":[45,1],"18":[22,24],"19":[1,90]},"f":{"1":28,"2":78,"3":36,"4":3,"5":69,"6":20,"7":38,"8":30,"9":25,"10":8,"11":2,"12":18,"13":23,"14":46,"15":30,"16":19},"fnMap":{"1":{"name":"transactionDoesNotExists","line":25,"loc":{"start":{"line":25,"column":4},"end":{"line":25,"column":51}}},"2":{"name":"notNull","line":30,"loc":{"start":{"line":30,"column":4},"end":{"line":30,"column":36}}},"3":{"name":"txNotBlackListed","line":35,"loc":{"start":{"line":35,"column":4},"end":{"line":35,"column":43}}},"4":{"name":"txBlackListed","line":40,"loc":{"start":{"line":40,"column":4},"end":{"line":40,"column":40}}},"5":{"name":"onlyWhenNotFrozen","line":45,"loc":{"start":{"line":45,"column":4},"end":{"line":45,"column":30}}},"6":{"name":"onlyWhenFrozen","line":50,"loc":{"start":{"line":50,"column":4},"end":{"line":50,"column":27}}},"7":{"name":"MainChain","line":91,"loc":{"start":{"line":91,"column":4},"end":{"line":91,"column":93}}},"8":{"name":"deposit","line":95,"loc":{"start":{"line":95,"column":4},"end":{"line":99,"column":14}}},"9":{"name":"submitTransaction","line":113,"loc":{"start":{"line":113,"column":4},"end":{"line":118,"column":14}}},"10":{"name":"addBlackList","line":137,"loc":{"start":{"line":137,"column":4},"end":{"line":141,"column":14}}},"11":{"name":"removeBlackList","line":149,"loc":{"start":{"line":149,"column":4},"end":{"line":153,"column":14}}},"12":{"name":"emergencyWithdrawal","line":164,"loc":{"start":{"line":164,"column":4},"end":{"line":167,"column":14}}},"13":{"name":"hasEnoughRequiredSignatures","line":204,"loc":{"start":{"line":204,"column":4},"end":{"line":204,"column":118}}},"14":{"name":"duplicateExists","line":224,"loc":{"start":{"line":224,"column":4},"end":{"line":224,"column":86}}},"15":{"name":"external_call","line":233,"loc":{"start":{"line":233,"column":4},"end":{"line":233,"column":108}}},"16":{"name":"addTransaction","line":258,"loc":{"start":{"line":258,"column":4},"end":{"line":260,"column":17}}}},"statementMap":{"1":{"start":{"line":26,"column":8},"end":{"line":26,"column":53}},"2":{"start":{"line":31,"column":8},"end":{"line":31,"column":29}},"3":{"start":{"line":36,"column":8},"end":{"line":36,"column":38}},"4":{"start":{"line":41,"column":8},"end":{"line":41,"column":37}},"5":{"start":{"line":46,"column":8},"end":{"line":46,"column":32}},"6":{"start":{"line":51,"column":8},"end":{"line":51,"column":31}},"7":{"start":{"line":100,"column":8},"end":{"line":100,"column":29}},"8":{"start":{"line":101,"column":8},"end":{"line":101,"column":47}},"9":{"start":{"line":119,"column":8},"end":{"line":119,"column":36}},"10":{"start":{"line":121,"column":8},"end":{"line":121,"column":84}},"11":{"start":{"line":122,"column":8},"end":{"line":122,"column":41}},"12":{"start":{"line":125,"column":8},"end":{"line":125,"column":62}},"13":{"start":{"line":127,"column":8},"end":{"line":127,"column":3951}},"14":{"start":{"line":128,"column":12},"end":{"line":128,"column":59}},"15":{"start":{"line":129,"column":12},"end":{"line":129,"column":34}},"16":{"start":{"line":131,"column":12},"end":{"line":131,"column":41}},"17":{"start":{"line":142,"column":8},"end":{"line":142,"column":35}},"18":{"start":{"line":144,"column":8},"end":{"line":144,"column":32}},"19":{"start":{"line":154,"column":8},"end":{"line":154,"column":36}},"20":{"start":{"line":156,"column":8},"end":{"line":156,"column":34}},"21":{"start":{"line":168,"column":8},"end":{"line":168,"column":64}},"22":{"start":{"line":170,"column":8},"end":{"line":170,"column":66}},"23":{"start":{"line":173,"column":8},"end":{"line":173,"column":5433}},"24":{"start":{"line":174,"column":12},"end":{"line":174,"column":48}},"25":{"start":{"line":175,"column":12},"end":{"line":175,"column":36}},"26":{"start":{"line":176,"column":12},"end":{"line":176,"column":34}},"27":{"start":{"line":179,"column":8},"end":{"line":179,"column":37}},"28":{"start":{"line":180,"column":8},"end":{"line":180,"column":52}},"29":{"start":{"line":182,"column":8},"end":{"line":182,"column":49}},"30":{"start":{"line":185,"column":8},"end":{"line":185,"column":5923}},"31":{"start":{"line":186,"column":12},"end":{"line":186,"column":5991}},"32":{"start":{"line":187,"column":16},"end":{"line":187,"column":42}},"33":{"start":{"line":188,"column":16},"end":{"line":188,"column":79}},"34":{"start":{"line":190,"column":16},"end":{"line":190,"column":50}},"35":{"start":{"line":205,"column":8},"end":{"line":205,"column":59}},"36":{"start":{"line":208,"column":8},"end":{"line":208,"column":6780}},"37":{"start":{"line":209,"column":12},"end":{"line":209,"column":64}},"38":{"start":{"line":211,"column":12},"end":{"line":211,"column":6903}},"39":{"start":{"line":212,"column":16},"end":{"line":212,"column":36}},"40":{"start":{"line":216,"column":12},"end":{"line":216,"column":55}},"41":{"start":{"line":216,"column":44},"end":{"line":216,"column":55}},"42":{"start":{"line":218,"column":8},"end":{"line":218,"column":20}},"43":{"start":{"line":225,"column":8},"end":{"line":225,"column":7353}},"44":{"start":{"line":226,"column":12},"end":{"line":226,"column":47}},"45":{"start":{"line":226,"column":36},"end":{"line":226,"column":47}},"46":{"start":{"line":228,"column":8},"end":{"line":228,"column":20}},"47":{"start":{"line":250,"column":8},"end":{"line":250,"column":21}},"48":{"start":{"line":261,"column":8},"end":{"line":261,"column":9132}},"49":{"start":{"line":266,"column":8},"end":{"line":266,"column":28}}},"branchMap":{"1":{"line":26,"type":"if","locations":[{"start":{"line":26,"column":8},"end":{"line":26,"column":8}},{"start":{"line":26,"column":8},"end":{"line":26,"column":8}}]},"2":{"line":31,"type":"if","locations":[{"start":{"line":31,"column":8},"end":{"line":31,"column":8}},{"start":{"line":31,"column":8},"end":{"line":31,"column":8}}]},"3":{"line":36,"type":"if","locations":[{"start":{"line":36,"column":8},"end":{"line":36,"column":8}},{"start":{"line":36,"column":8},"end":{"line":36,"column":8}}]},"4":{"line":41,"type":"if","locations":[{"start":{"line":41,"column":8},"end":{"line":41,"column":8}},{"start":{"line":41,"column":8},"end":{"line":41,"column":8}}]},"5":{"line":46,"type":"if","locations":[{"start":{"line":46,"column":8},"end":{"line":46,"column":8}},{"start":{"line":46,"column":8},"end":{"line":46,"column":8}}]},"6":{"line":51,"type":"if","locations":[{"start":{"line":51,"column":8},"end":{"line":51,"column":8}},{"start":{"line":51,"column":8},"end":{"line":51,"column":8}}]},"7":{"line":100,"type":"if","locations":[{"start":{"line":100,"column":8},"end":{"line":100,"column":8}},{"start":{"line":100,"column":8},"end":{"line":100,"column":8}}]},"8":{"line":119,"type":"if","locations":[{"start":{"line":119,"column":8},"end":{"line":119,"column":8}},{"start":{"line":119,"column":8},"end":{"line":119,"column":8}}]},"9":{"line":122,"type":"if","locations":[{"start":{"line":122,"column":8},"end":{"line":122,"column":8}},{"start":{"line":122,"column":8},"end":{"line":122,"column":8}}]},"10":{"line":125,"type":"if","locations":[{"start":{"line":125,"column":8},"end":{"line":125,"column":8}},{"start":{"line":125,"column":8},"end":{"line":125,"column":8}}]},"11":{"line":127,"type":"if","locations":[{"start":{"line":127,"column":8},"end":{"line":127,"column":8}},{"start":{"line":127,"column":8},"end":{"line":127,"column":8}}]},"12":{"line":173,"type":"if","locations":[{"start":{"line":173,"column":8},"end":{"line":173,"column":8}},{"start":{"line":173,"column":8},"end":{"line":173,"column":8}}]},"13":{"line":179,"type":"if","locations":[{"start":{"line":179,"column":8},"end":{"line":179,"column":8}},{"start":{"line":179,"column":8},"end":{"line":179,"column":8}}]},"14":{"line":180,"type":"if","locations":[{"start":{"line":180,"column":8},"end":{"line":180,"column":8}},{"start":{"line":180,"column":8},"end":{"line":180,"column":8}}]},"15":{"line":185,"type":"if","locations":[{"start":{"line":185,"column":8},"end":{"line":185,"column":8}},{"start":{"line":185,"column":8},"end":{"line":185,"column":8}}]},"16":{"line":186,"type":"if","locations":[{"start":{"line":186,"column":12},"end":{"line":186,"column":12}},{"start":{"line":186,"column":12},"end":{"line":186,"column":12}}]},"17":{"line":211,"type":"if","locations":[{"start":{"line":211,"column":12},"end":{"line":211,"column":12}},{"start":{"line":211,"column":12},"end":{"line":211,"column":12}}]},"18":{"line":216,"type":"if","locations":[{"start":{"line":216,"column":12},"end":{"line":216,"column":12}},{"start":{"line":216,"column":12},"end":{"line":216,"column":12}}]},"19":{"line":226,"type":"if","locations":[{"start":{"line":226,"column":12},"end":{"line":226,"column":12}},{"start":{"line":226,"column":12},"end":{"line":226,"column":12}}]}}},"contracts/SideChain.sol":{"l":{"27":27,"28":25,"75":5,"76":4,"92":0,"93":0,"94":0,"95":0,"96":0,"97":0,"98":0,"100":0,"101":0,"103":0,"104":0,"105":0,"113":0,"114":0,"116":0,"117":0,"124":0,"125":0,"126":0,"127":0,"128":0,"129":0,"130":0,"132":0,"133":0,"144":0,"145":0,"146":0,"147":0,"148":0,"149":0,"159":0,"160":0,"161":0,"172":0,"173":0,"174":0,"175":0,"176":0,"177":0,"178":0,"180":0,"181":0,"182":0,"198":0,"204":0,"210":0,"211":0,"226":0,"246":12,"248":11,"249":11,"251":10,"252":10,"254":9,"255":8,"258":9,"260":9,"261":9,"266":9,"267":9,"268":9,"279":8,"285":8,"294":5,"295":5,"296":5},"path":"/Users/hoangnguyen/Desktop/wetrust/interchain-node-contracts/contracts/SideChain.sol","s":{"1":27,"2":5,"3":4,"4":0,"5":0,"6":0,"7":0,"8":0,"9":0,"10":0,"11":0,"12":0,"13":0,"14":0,"15":0,"16":0,"17":0,"18":0,"19":0,"20":0,"21":0,"22":0,"23":0,"24":0,"25":0,"26":0,"27":0,"28":0,"29":0,"30":0,"31":0,"32":0,"33":0,"34":0,"35":0,"36":0,"37":0,"38":0,"39":0,"40":0,"41":0,"42":0,"43":0,"44":0,"45":0,"46":0,"47":0,"48":0,"49":0,"50":12,"51":11,"52":11,"53":10,"54":10,"55":9,"56":8,"57":9,"58":9,"59":9,"60":8,"61":8,"62":5,"63":5,"64":5},"b":{"1":[25,2],"2":[4,1],"3":[0,0],"4":[0,0],"5":[0,0],"6":[0,0],"7":[0,0],"8":[0,0],"9":[0,0],"10":[0,0],"11":[0,0],"12":[0,0],"13":[0,0],"14":[0,0],"15":[0,0],"16":[0,0],"17":[0,0],"18":[0,0],"19":[11,1],"20":[10,1],"21":[9,1],"22":[8,1]},"f":{"1":27,"2":12,"3":5,"4":0,"5":0,"6":0,"7":0,"8":0,"9":0,"10":0,"11":0,"12":12,"13":9,"14":8,"15":5},"fnMap":{"1":{"name":"notNull","line":26,"loc":{"start":{"line":26,"column":4},"end":{"line":26,"column":36}}},"2":{"name":"SideChain","line":66,"loc":{"start":{"line":66,"column":4},"end":{"line":66,"column":93}}},"3":{"name":"deposit","line":71,"loc":{"start":{"line":71,"column":4},"end":{"line":74,"column":14}}},"4":{"name":"submitTransactionSC","line":88,"loc":{"start":{"line":88,"column":4},"end":{"line":91,"column":16}}},"5":{"name":"revokeConfirmation","line":110,"loc":{"start":{"line":110,"column":4},"end":{"line":112,"column":14}}},"6":{"name":"executeTransaction","line":122,"loc":{"start":{"line":122,"column":4},"end":{"line":123,"column":14}}},"7":{"name":"isConfirmed","line":140,"loc":{"start":{"line":140,"column":4},"end":{"line":143,"column":21}}},"8":{"name":"getConfirmationCount","line":155,"loc":{"start":{"line":155,"column":4},"end":{"line":158,"column":27}}},"9":{"name":"getSigners","line":168,"loc":{"start":{"line":168,"column":4},"end":{"line":171,"column":38}}},"10":{"name":"addTransactionSC","line":195,"loc":{"start":{"line":195,"column":4},"end":{"line":197,"column":15}}},"11":{"name":"external_call","line":209,"loc":{"start":{"line":209,"column":4},"end":{"line":209,"column":108}}},"12":{"name":"submitSignatureMC","line":242,"loc":{"start":{"line":242,"column":4},"end":{"line":245,"column":14}}},"13":{"name":"addSignatureMC","line":265,"loc":{"start":{"line":265,"column":4},"end":{"line":265,"column":80}}},"14":{"name":"addTransactionMC","line":276,"loc":{"start":{"line":276,"column":4},"end":{"line":278,"column":15}}},"15":{"name":"getTransactionMC","line":290,"loc":{"start":{"line":290,"column":4},"end":{"line":293,"column":100}}}},"statementMap":{"1":{"start":{"line":27,"column":8},"end":{"line":27,"column":29}},"2":{"start":{"line":75,"column":8},"end":{"line":75,"column":29}},"3":{"start":{"line":76,"column":8},"end":{"line":76,"column":47}},"4":{"start":{"line":92,"column":8},"end":{"line":92,"column":47}},"5":{"start":{"line":93,"column":8},"end":{"line":93,"column":51}},"6":{"start":{"line":94,"column":8},"end":{"line":94,"column":36}},"7":{"start":{"line":95,"column":8},"end":{"line":95,"column":84}},"8":{"start":{"line":96,"column":8},"end":{"line":96,"column":41}},"9":{"start":{"line":97,"column":8},"end":{"line":97,"column":3350}},"10":{"start":{"line":98,"column":12},"end":{"line":98,"column":61}},"11":{"start":{"line":100,"column":12},"end":{"line":100,"column":66}},"12":{"start":{"line":101,"column":12},"end":{"line":101,"column":54}},"13":{"start":{"line":103,"column":8},"end":{"line":103,"column":44}},"14":{"start":{"line":104,"column":8},"end":{"line":104,"column":45}},"15":{"start":{"line":105,"column":8},"end":{"line":105,"column":33}},"16":{"start":{"line":113,"column":8},"end":{"line":113,"column":45}},"17":{"start":{"line":114,"column":8},"end":{"line":114,"column":46}},"18":{"start":{"line":116,"column":8},"end":{"line":116,"column":45}},"19":{"start":{"line":117,"column":8},"end":{"line":117,"column":43}},"20":{"start":{"line":124,"column":8},"end":{"line":124,"column":46}},"21":{"start":{"line":125,"column":8},"end":{"line":125,"column":45}},"22":{"start":{"line":126,"column":8},"end":{"line":126,"column":4434}},"23":{"start":{"line":127,"column":12},"end":{"line":127,"column":56}},"24":{"start":{"line":128,"column":12},"end":{"line":128,"column":30}},"25":{"start":{"line":129,"column":12},"end":{"line":129,"column":4569}},"26":{"start":{"line":130,"column":16},"end":{"line":130,"column":38}},"27":{"start":{"line":132,"column":16},"end":{"line":132,"column":45}},"28":{"start":{"line":133,"column":16},"end":{"line":133,"column":35}},"29":{"start":{"line":144,"column":8},"end":{"line":144,"column":21}},"30":{"start":{"line":145,"column":8},"end":{"line":145,"column":5033}},"31":{"start":{"line":146,"column":12},"end":{"line":146,"column":5102}},"32":{"start":{"line":147,"column":16},"end":{"line":147,"column":25}},"33":{"start":{"line":148,"column":12},"end":{"line":148,"column":5178}},"34":{"start":{"line":149,"column":16},"end":{"line":149,"column":27}},"35":{"start":{"line":159,"column":8},"end":{"line":159,"column":5442}},"36":{"start":{"line":160,"column":12},"end":{"line":160,"column":5497}},"37":{"start":{"line":161,"column":16},"end":{"line":161,"column":25}},"38":{"start":{"line":172,"column":8},"end":{"line":172,"column":69}},"39":{"start":{"line":173,"column":8},"end":{"line":173,"column":21}},"40":{"start":{"line":175,"column":8},"end":{"line":175,"column":5944}},"41":{"start":{"line":176,"column":12},"end":{"line":176,"column":5988}},"42":{"start":{"line":177,"column":16},"end":{"line":177,"column":48}},"43":{"start":{"line":178,"column":16},"end":{"line":178,"column":25}},"44":{"start":{"line":180,"column":8},"end":{"line":180,"column":41}},"45":{"start":{"line":181,"column":8},"end":{"line":181,"column":6204}},"46":{"start":{"line":182,"column":12},"end":{"line":182,"column":45}},"47":{"start":{"line":198,"column":8},"end":{"line":198,"column":6775}},"48":{"start":{"line":204,"column":8},"end":{"line":204,"column":28}},"49":{"start":{"line":226,"column":8},"end":{"line":226,"column":21}},"50":{"start":{"line":246,"column":8},"end":{"line":246,"column":47}},"51":{"start":{"line":248,"column":8},"end":{"line":248,"column":51}},"52":{"start":{"line":249,"column":8},"end":{"line":249,"column":36}},"53":{"start":{"line":251,"column":8},"end":{"line":251,"column":84}},"54":{"start":{"line":252,"column":8},"end":{"line":252,"column":41}},"55":{"start":{"line":254,"column":8},"end":{"line":254,"column":9315}},"56":{"start":{"line":255,"column":12},"end":{"line":255,"column":61}},"57":{"start":{"line":258,"column":8},"end":{"line":258,"column":38}},"58":{"start":{"line":260,"column":8},"end":{"line":260,"column":44}},"59":{"start":{"line":261,"column":8},"end":{"line":261,"column":44}},"60":{"start":{"line":279,"column":8},"end":{"line":279,"column":10278}},"61":{"start":{"line":285,"column":8},"end":{"line":285,"column":28}},"62":{"start":{"line":294,"column":8},"end":{"line":294,"column":56}},"63":{"start":{"line":295,"column":8},"end":{"line":295,"column":58}},"64":{"start":{"line":296,"column":8},"end":{"line":296,"column":98}}},"branchMap":{"1":{"line":27,"type":"if","locations":[{"start":{"line":27,"column":8},"end":{"line":27,"column":8}},{"start":{"line":27,"column":8},"end":{"line":27,"column":8}}]},"2":{"line":75,"type":"if","locations":[{"start":{"line":75,"column":8},"end":{"line":75,"column":8}},{"start":{"line":75,"column":8},"end":{"line":75,"column":8}}]},"3":{"line":92,"type":"if","locations":[{"start":{"line":92,"column":8},"end":{"line":92,"column":8}},{"start":{"line":92,"column":8},"end":{"line":92,"column":8}}]},"4":{"line":94,"type":"if","locations":[{"start":{"line":94,"column":8},"end":{"line":94,"column":8}},{"start":{"line":94,"column":8},"end":{"line":94,"column":8}}]},"5":{"line":96,"type":"if","locations":[{"start":{"line":96,"column":8},"end":{"line":96,"column":8}},{"start":{"line":96,"column":8},"end":{"line":96,"column":8}}]},"6":{"line":97,"type":"if","locations":[{"start":{"line":97,"column":8},"end":{"line":97,"column":8}},{"start":{"line":97,"column":8},"end":{"line":97,"column":8}}]},"7":{"line":100,"type":"if","locations":[{"start":{"line":100,"column":12},"end":{"line":100,"column":12}},{"start":{"line":100,"column":12},"end":{"line":100,"column":12}}]},"8":{"line":101,"type":"if","locations":[{"start":{"line":101,"column":12},"end":{"line":101,"column":12}},{"start":{"line":101,"column":12},"end":{"line":101,"column":12}}]},"9":{"line":113,"type":"if","locations":[{"start":{"line":113,"column":8},"end":{"line":113,"column":8}},{"start":{"line":113,"column":8},"end":{"line":113,"column":8}}]},"10":{"line":114,"type":"if","locations":[{"start":{"line":114,"column":8},"end":{"line":114,"column":8}},{"start":{"line":114,"column":8},"end":{"line":114,"column":8}}]},"11":{"line":124,"type":"if","locations":[{"start":{"line":124,"column":8},"end":{"line":124,"column":8}},{"start":{"line":124,"column":8},"end":{"line":124,"column":8}}]},"12":{"line":125,"type":"if","locations":[{"start":{"line":125,"column":8},"end":{"line":125,"column":8}},{"start":{"line":125,"column":8},"end":{"line":125,"column":8}}]},"13":{"line":126,"type":"if","locations":[{"start":{"line":126,"column":8},"end":{"line":126,"column":8}},{"start":{"line":126,"column":8},"end":{"line":126,"column":8}}]},"14":{"line":129,"type":"if","locations":[{"start":{"line":129,"column":12},"end":{"line":129,"column":12}},{"start":{"line":129,"column":12},"end":{"line":129,"column":12}}]},"15":{"line":146,"type":"if","locations":[{"start":{"line":146,"column":12},"end":{"line":146,"column":12}},{"start":{"line":146,"column":12},"end":{"line":146,"column":12}}]},"16":{"line":148,"type":"if","locations":[{"start":{"line":148,"column":12},"end":{"line":148,"column":12}},{"start":{"line":148,"column":12},"end":{"line":148,"column":12}}]},"17":{"line":160,"type":"if","locations":[{"start":{"line":160,"column":12},"end":{"line":160,"column":12}},{"start":{"line":160,"column":12},"end":{"line":160,"column":12}}]},"18":{"line":176,"type":"if","locations":[{"start":{"line":176,"column":12},"end":{"line":176,"column":12}},{"start":{"line":176,"column":12},"end":{"line":176,"column":12}}]},"19":{"line":246,"type":"if","locations":[{"start":{"line":246,"column":8},"end":{"line":246,"column":8}},{"start":{"line":246,"column":8},"end":{"line":246,"column":8}}]},"20":{"line":249,"type":"if","locations":[{"start":{"line":249,"column":8},"end":{"line":249,"column":8}},{"start":{"line":249,"column":8},"end":{"line":249,"column":8}}]},"21":{"line":252,"type":"if","locations":[{"start":{"line":252,"column":8},"end":{"line":252,"column":8}},{"start":{"line":252,"column":8},"end":{"line":252,"column":8}}]},"22":{"line":254,"type":"if","locations":[{"start":{"line":254,"column":8},"end":{"line":254,"column":8}},{"start":{"line":254,"column":8},"end":{"line":254,"column":8}}]}}}}